<?xml version="1.0" encoding="UTF-8"?>
<!-- Generated by org.testng.reporters.JUnitXMLReporter -->
<testsuite ignored="0" hostname="SameerAhemad" failures="0" tests="5" name="Surefire test" time="274.189" errors="0" timestamp="2025-01-31T00:22:11 IST">
  <testcase classname="systemscenarios.AmazonProject.TestCase1_Login_Cart_Logout" name="login_cart_logout" time="47.979"/>
  <testcase classname="systemscenarios.AmazonProject.TestCase2_Login_PaymentCOD_Logout" name="login_payment_logout" time="55.863"/>
  <testcase classname="systemscenarios.AmazonProject.TestCase3_Registration_Login" name="register_login" time="15.203"/>
  <testcase classname="systemscenarios.AmazonProject.TestCase4_AddingtoWishlist_Removing" name="addwishlist_remove" time="44.037"/>
  <testcase classname="systemscenarios.AmazonProject.TestCase5_Login_SearchProduct_Cart_Add_Remove" name="login_add_remove" time="39.035"/>
</testsuite> <!-- Surefire test -->
