<?xml version="1.0" encoding="UTF-8"?>
<!-- Generated by org.testng.reporters.JUnitXMLReporter -->
<testsuite ignored="0" hostname="SameerAhemad" failures="0" tests="5" name="Test" time="294.758" errors="0" timestamp="2025-01-31T00:14:32 IST">
  <testcase classname="systemscenarios.AmazonProject.TestCase1_Login_Cart_Logout" name="login_cart_logout" time="51.525"/>
  <testcase classname="systemscenarios.AmazonProject.TestCase2_Login_PaymentCOD_Logout" name="login_payment_logout" time="59.015"/>
  <testcase classname="systemscenarios.AmazonProject.TestCase3_Registration_Login" name="register_login" time="15.077"/>
  <testcase classname="systemscenarios.AmazonProject.TestCase4_AddingtoWishlist_Removing" name="addwishlist_remove" time="48.583"/>
  <testcase classname="systemscenarios.AmazonProject.TestCase5_Login_SearchProduct_Cart_Add_Remove" name="login_add_remove" time="43.493"/>
</testsuite> <!-- Test -->
