<?xml version="1.0" encoding="UTF-8"?>
<testng-results ignored="0" total="5" passed="5" failed="0" skipped="0">
  <reporter-output>
  </reporter-output>
  <suite started-at="2025-01-31T00:17:37 IST" name="Surefire suite" finished-at="2025-01-31T00:22:11 IST" duration-ms="274189">
    <groups>
    </groups>
    <test started-at="2025-01-31T00:17:37 IST" name="Surefire test" finished-at="2025-01-31T00:22:11 IST" duration-ms="274189">
      <class name="systemscenarios.AmazonProject.TestCase3_Registration_Login">
        <test-method is-config="true" signature="launch()[pri:0, instance:systemscenarios.AmazonProject.TestCase3_Registration_Login@38c5cc4c]" started-at="2025-01-31T00:19:50 IST" name="launch" finished-at="2025-01-31T00:19:58 IST" duration-ms="8078" status="PASS">
          <reporter-output>
          </reporter-output>
        </test-method> <!-- launch -->
        <test-method signature="register_login()[pri:0, instance:systemscenarios.AmazonProject.TestCase3_Registration_Login@38c5cc4c]" started-at="2025-01-31T00:19:58 IST" name="register_login" finished-at="2025-01-31T00:20:13 IST" duration-ms="15203" status="PASS">
          <reporter-output>
          </reporter-output>
        </test-method> <!-- register_login -->
        <test-method is-config="true" signature="quit()[pri:0, instance:systemscenarios.AmazonProject.TestCase3_Registration_Login@38c5cc4c]" started-at="2025-01-31T00:20:13 IST" name="quit" finished-at="2025-01-31T00:20:20 IST" duration-ms="6294" status="PASS">
          <reporter-output>
          </reporter-output>
        </test-method> <!-- quit -->
      </class> <!-- systemscenarios.AmazonProject.TestCase3_Registration_Login -->
      <class name="systemscenarios.AmazonProject.TestCase4_AddingtoWishlist_Removing">
        <test-method is-config="true" signature="launch()[pri:0, instance:systemscenarios.AmazonProject.TestCase4_AddingtoWishlist_Removing@37918c79]" started-at="2025-01-31T00:20:20 IST" name="launch" finished-at="2025-01-31T00:20:28 IST" duration-ms="8217" status="PASS">
          <reporter-output>
          </reporter-output>
        </test-method> <!-- launch -->
        <test-method signature="addwishlist_remove()[pri:0, instance:systemscenarios.AmazonProject.TestCase4_AddingtoWishlist_Removing@37918c79]" started-at="2025-01-31T00:20:28 IST" name="addwishlist_remove" finished-at="2025-01-31T00:21:12 IST" duration-ms="44037" status="PASS">
          <reporter-output>
          </reporter-output>
        </test-method> <!-- addwishlist_remove -->
        <test-method is-config="true" signature="quit()[pri:0, instance:systemscenarios.AmazonProject.TestCase4_AddingtoWishlist_Removing@37918c79]" started-at="2025-01-31T00:21:12 IST" name="quit" finished-at="2025-01-31T00:21:18 IST" duration-ms="6450" status="PASS">
          <reporter-output>
          </reporter-output>
        </test-method> <!-- quit -->
      </class> <!-- systemscenarios.AmazonProject.TestCase4_AddingtoWishlist_Removing -->
      <class name="systemscenarios.AmazonProject.TestCase2_Login_PaymentCOD_Logout">
        <test-method is-config="true" signature="launch()[pri:0, instance:systemscenarios.AmazonProject.TestCase2_Login_PaymentCOD_Logout@223f3642]" started-at="2025-01-31T00:18:40 IST" name="launch" finished-at="2025-01-31T00:18:48 IST" duration-ms="7511" status="PASS">
          <reporter-output>
          </reporter-output>
        </test-method> <!-- launch -->
        <test-method signature="login_payment_logout()[pri:0, instance:systemscenarios.AmazonProject.TestCase2_Login_PaymentCOD_Logout@223f3642]" started-at="2025-01-31T00:18:48 IST" name="login_payment_logout" finished-at="2025-01-31T00:19:43 IST" duration-ms="55863" status="PASS">
          <reporter-output>
          </reporter-output>
        </test-method> <!-- login_payment_logout -->
        <test-method is-config="true" signature="quit()[pri:0, instance:systemscenarios.AmazonProject.TestCase2_Login_PaymentCOD_Logout@223f3642]" started-at="2025-01-31T00:19:43 IST" name="quit" finished-at="2025-01-31T00:19:50 IST" duration-ms="6463" status="PASS">
          <reporter-output>
          </reporter-output>
        </test-method> <!-- quit -->
      </class> <!-- systemscenarios.AmazonProject.TestCase2_Login_PaymentCOD_Logout -->
      <class name="systemscenarios.AmazonProject.TestCase5_Login_SearchProduct_Cart_Add_Remove">
        <test-method is-config="true" signature="launch()[pri:0, instance:systemscenarios.AmazonProject.TestCase5_Login_SearchProduct_Cart_Add_Remove@78e94dcf]" started-at="2025-01-31T00:21:18 IST" name="launch" finished-at="2025-01-31T00:21:26 IST" duration-ms="7874" status="PASS">
          <reporter-output>
          </reporter-output>
        </test-method> <!-- launch -->
        <test-method signature="login_add_remove()[pri:0, instance:systemscenarios.AmazonProject.TestCase5_Login_SearchProduct_Cart_Add_Remove@78e94dcf]" started-at="2025-01-31T00:21:26 IST" name="login_add_remove" finished-at="2025-01-31T00:22:05 IST" duration-ms="39035" status="PASS">
          <reporter-output>
          </reporter-output>
        </test-method> <!-- login_add_remove -->
        <test-method is-config="true" signature="quit()[pri:0, instance:systemscenarios.AmazonProject.TestCase5_Login_SearchProduct_Cart_Add_Remove@78e94dcf]" started-at="2025-01-31T00:22:05 IST" name="quit" finished-at="2025-01-31T00:22:11 IST" duration-ms="6293" status="PASS">
          <reporter-output>
          </reporter-output>
        </test-method> <!-- quit -->
      </class> <!-- systemscenarios.AmazonProject.TestCase5_Login_SearchProduct_Cart_Add_Remove -->
      <class name="systemscenarios.AmazonProject.TestCase1_Login_Cart_Logout">
        <test-method is-config="true" signature="launch()[pri:0, instance:systemscenarios.AmazonProject.TestCase1_Login_Cart_Logout@71c8becc]" started-at="2025-01-31T00:17:37 IST" name="launch" finished-at="2025-01-31T00:17:46 IST" duration-ms="8452" status="PASS">
          <reporter-output>
          </reporter-output>
        </test-method> <!-- launch -->
        <test-method signature="login_cart_logout()[pri:0, instance:systemscenarios.AmazonProject.TestCase1_Login_Cart_Logout@71c8becc]" started-at="2025-01-31T00:17:46 IST" name="login_cart_logout" finished-at="2025-01-31T00:18:34 IST" duration-ms="47979" status="PASS">
          <reporter-output>
          </reporter-output>
        </test-method> <!-- login_cart_logout -->
        <test-method is-config="true" signature="quit()[pri:0, instance:systemscenarios.AmazonProject.TestCase1_Login_Cart_Logout@71c8becc]" started-at="2025-01-31T00:18:34 IST" name="quit" finished-at="2025-01-31T00:18:40 IST" duration-ms="6392" status="PASS">
          <reporter-output>
          </reporter-output>
        </test-method> <!-- quit -->
      </class> <!-- systemscenarios.AmazonProject.TestCase1_Login_Cart_Logout -->
    </test> <!-- Surefire test -->
  </suite> <!-- Surefire suite -->
</testng-results>
