<?xml version="1.0" encoding="UTF-8"?>
<testsuite xmlns:xsi="http://www.w3.org/2001/XMLSchema-instance" xsi:noNamespaceSchemaLocation="https://maven.apache.org/surefire/maven-surefire-plugin/xsd/surefire-test-report.xsd" name="TestSuite" time="274.805" tests="5" errors="0" skipped="0" failures="0">
  <properties>
[...]
</properties>
  <testcase name="login_cart_logout" classname="systemscenarios.AmazonProject.TestCase1_Login_Cart_Logout" time="47.982"/>
  <testcase name="login_payment_logout" classname="systemscenarios.AmazonProject.TestCase2_Login_PaymentCOD_Logout" time="55.864"/>
  <testcase name="register_login" classname="systemscenarios.AmazonProject.TestCase3_Registration_Login" time="15.204"/>
  <testcase name="addwishlist_remove" classname="systemscenarios.AmazonProject.TestCase4_AddingtoWishlist_Removing" time="44.038"/>
  <testcase name="login_add_remove" classname="systemscenarios.AmazonProject.TestCase5_Login_SearchProduct_Cart_Add_Remove" time="39.035"/>
</testsuite>