<?xml version="1.0" encoding="UTF-8"?>
<testng-results ignored="0" total="5" passed="5" failed="0" skipped="0">
  <reporter-output>
  </reporter-output>
  <suite started-at="2025-01-31T00:09:38 IST" name="Suite" finished-at="2025-01-31T00:14:32 IST" duration-ms="294758">
    <groups>
    </groups>
    <test started-at="2025-01-31T00:09:38 IST" name="Test" finished-at="2025-01-31T00:14:32 IST" duration-ms="294758">
      <class name="systemscenarios.AmazonProject.TestCase3_Registration_Login">
        <test-method is-config="true" signature="launch()[pri:0, instance:systemscenarios.AmazonProject.TestCase3_Registration_Login@459e9125]" started-at="2025-01-31T00:11:58 IST" name="launch" finished-at="2025-01-31T00:12:07 IST" duration-ms="8657" status="PASS">
          <reporter-output>
          </reporter-output>
        </test-method> <!-- launch -->
        <test-method signature="register_login()[pri:0, instance:systemscenarios.AmazonProject.TestCase3_Registration_Login@459e9125]" started-at="2025-01-31T00:12:07 IST" name="register_login" finished-at="2025-01-31T00:12:22 IST" duration-ms="15077" status="PASS">
          <reporter-output>
          </reporter-output>
        </test-method> <!-- register_login -->
        <test-method is-config="true" signature="quit()[pri:0, instance:systemscenarios.AmazonProject.TestCase3_Registration_Login@459e9125]" started-at="2025-01-31T00:12:22 IST" name="quit" finished-at="2025-01-31T00:12:28 IST" duration-ms="6309" status="PASS">
          <reporter-output>
          </reporter-output>
        </test-method> <!-- quit -->
      </class> <!-- systemscenarios.AmazonProject.TestCase3_Registration_Login -->
      <class name="systemscenarios.AmazonProject.TestCase2_Login_PaymentCOD_Logout">
        <test-method is-config="true" signature="launch()[pri:0, instance:systemscenarios.AmazonProject.TestCase2_Login_PaymentCOD_Logout@6f1de4c7]" started-at="2025-01-31T00:10:44 IST" name="launch" finished-at="2025-01-31T00:10:53 IST" duration-ms="8607" status="PASS">
          <reporter-output>
          </reporter-output>
        </test-method> <!-- launch -->
        <test-method signature="login_payment_logout()[pri:0, instance:systemscenarios.AmazonProject.TestCase2_Login_PaymentCOD_Logout@6f1de4c7]" started-at="2025-01-31T00:10:53 IST" name="login_payment_logout" finished-at="2025-01-31T00:11:52 IST" duration-ms="59015" status="PASS">
          <reporter-output>
          </reporter-output>
        </test-method> <!-- login_payment_logout -->
        <test-method is-config="true" signature="quit()[pri:0, instance:systemscenarios.AmazonProject.TestCase2_Login_PaymentCOD_Logout@6f1de4c7]" started-at="2025-01-31T00:11:52 IST" name="quit" finished-at="2025-01-31T00:11:58 IST" duration-ms="6360" status="PASS">
          <reporter-output>
          </reporter-output>
        </test-method> <!-- quit -->
      </class> <!-- systemscenarios.AmazonProject.TestCase2_Login_PaymentCOD_Logout -->
      <class name="systemscenarios.AmazonProject.TestCase4_AddingtoWishlist_Removing">
        <test-method is-config="true" signature="launch()[pri:0, instance:systemscenarios.AmazonProject.TestCase4_AddingtoWishlist_Removing@128d2484]" started-at="2025-01-31T00:12:28 IST" name="launch" finished-at="2025-01-31T00:12:38 IST" duration-ms="10010" status="PASS">
          <reporter-output>
          </reporter-output>
        </test-method> <!-- launch -->
        <test-method signature="addwishlist_remove()[pri:0, instance:systemscenarios.AmazonProject.TestCase4_AddingtoWishlist_Removing@128d2484]" started-at="2025-01-31T00:12:38 IST" name="addwishlist_remove" finished-at="2025-01-31T00:13:27 IST" duration-ms="48583" status="PASS">
          <reporter-output>
          </reporter-output>
        </test-method> <!-- addwishlist_remove -->
        <test-method is-config="true" signature="quit()[pri:0, instance:systemscenarios.AmazonProject.TestCase4_AddingtoWishlist_Removing@128d2484]" started-at="2025-01-31T00:13:27 IST" name="quit" finished-at="2025-01-31T00:13:33 IST" duration-ms="6309" status="PASS">
          <reporter-output>
          </reporter-output>
        </test-method> <!-- quit -->
      </class> <!-- systemscenarios.AmazonProject.TestCase4_AddingtoWishlist_Removing -->
      <class name="systemscenarios.AmazonProject.TestCase5_Login_SearchProduct_Cart_Add_Remove">
        <test-method is-config="true" signature="launch()[pri:0, instance:systemscenarios.AmazonProject.TestCase5_Login_SearchProduct_Cart_Add_Remove@7cc0cdad]" started-at="2025-01-31T00:13:33 IST" name="launch" finished-at="2025-01-31T00:13:43 IST" duration-ms="9430" status="PASS">
          <reporter-output>
          </reporter-output>
        </test-method> <!-- launch -->
        <test-method signature="login_add_remove()[pri:0, instance:systemscenarios.AmazonProject.TestCase5_Login_SearchProduct_Cart_Add_Remove@7cc0cdad]" started-at="2025-01-31T00:13:43 IST" name="login_add_remove" finished-at="2025-01-31T00:14:26 IST" duration-ms="43493" status="PASS">
          <reporter-output>
          </reporter-output>
        </test-method> <!-- login_add_remove -->
        <test-method is-config="true" signature="quit()[pri:0, instance:systemscenarios.AmazonProject.TestCase5_Login_SearchProduct_Cart_Add_Remove@7cc0cdad]" started-at="2025-01-31T00:14:26 IST" name="quit" finished-at="2025-01-31T00:14:32 IST" duration-ms="6279" status="PASS">
          <reporter-output>
          </reporter-output>
        </test-method> <!-- quit -->
      </class> <!-- systemscenarios.AmazonProject.TestCase5_Login_SearchProduct_Cart_Add_Remove -->
      <class name="systemscenarios.AmazonProject.TestCase1_Login_Cart_Logout">
        <test-method is-config="true" signature="launch()[pri:0, instance:systemscenarios.AmazonProject.TestCase1_Login_Cart_Logout@223191a6]" started-at="2025-01-31T00:09:38 IST" name="launch" finished-at="2025-01-31T00:09:46 IST" duration-ms="8607" status="PASS">
          <reporter-output>
          </reporter-output>
        </test-method> <!-- launch -->
        <test-method signature="login_cart_logout()[pri:0, instance:systemscenarios.AmazonProject.TestCase1_Login_Cart_Logout@223191a6]" started-at="2025-01-31T00:09:46 IST" name="login_cart_logout" finished-at="2025-01-31T00:10:38 IST" duration-ms="51525" status="PASS">
          <reporter-output>
          </reporter-output>
        </test-method> <!-- login_cart_logout -->
        <test-method is-config="true" signature="quit()[pri:0, instance:systemscenarios.AmazonProject.TestCase1_Login_Cart_Logout@223191a6]" started-at="2025-01-31T00:10:38 IST" name="quit" finished-at="2025-01-31T00:10:44 IST" duration-ms="6449" status="PASS">
          <reporter-output>
          </reporter-output>
        </test-method> <!-- quit -->
      </class> <!-- systemscenarios.AmazonProject.TestCase1_Login_Cart_Logout -->
    </test> <!-- Test -->
  </suite> <!-- Suite -->
</testng-results>
